Other
Other
Other
Other
Other
Other
Other
Other
Other
Other
Other
Other
Other
Other
Other
Other
Other
Other
Other
Other
Other
Other
Other
Other
Other
Other
Other
Other
Other
Other
Other
Other
Other
Other
Other
Other
Other
Other
Other
Other
Other
Other
Other
Other
Other
Other
Other
Other
Other
Other
Other
Other
Other
Other
Other
Other
Other
Other
Other
Other
Other
Other
Other
Other
Other
Other
Other
Other
Other
Other
Other
Other
Other
Other
Other
Other
Other
Other
Other
Other
Other
Other
Other
Other
Other
Other
Other
Other
Other
Other
Other
Other
Other
Other
Other
Other
Other
Other
Other
Other
Other
Other
Other
Other
Other
Other
Other
Other
Other
Other
Other
Other
Other
Other
Other
Other
Other
Other
Other
Other
Other
Other
Other
Other
Other
Other
Other
Other
Other
Other
Other
Other
Parsing error handling rule file = managed-policy-no-wildcard-resource.guard, Error = Parser Error when parsing Parsing Error Error parsing file managed-policy-no-wildcard-resource.guard at line 1 at column 1, when handling , fragment 

---
Other
Other
Other
Other
Other
Other
Other
Other
Other
Other
Other
Other
Other
Other
Parsing error handling rule file = role-no-unrestricted-assume-role.guard, Error = Parser Error when parsing Parsing Error Error parsing file role-no-unrestricted-assume-role.guard at line 12 at column 50, when handling , fragment %sts_restricted_actions
                            some Resource[*] == "*"
                        ] empty <<IAM role found with a policy that allows unrestricted sts:AssumeRole>>
                    }
                }
            }
        }
    }
}

---
Parsing error handling rule file = role-no-unrestricted-lambda-invoke.guard, Error = Parser Error when parsing Parsing Error Error parsing file role-no-unrestricted-lambda-invoke.guard at line 12 at column 50, when handling , fragment %lambda_restricted_actions
                            some Resource[*] == "*"
                        ] empty <<IAM role found with a policy that allows unrestricted Lambda Invoke Function to all functions>>
                    }
                }
            }
        }
    }
}

---
Other
Other
Other
Other
Other
Other
Other
Other
Other
Other
Other
Other
Other
Other
Other
Other
Other
Other
Other
Other
Other
Other
Other
Other
Other
Other
Other
Other
Other
Other
Other
Other
Other
Other
Other
Other
Other
Other
Other
Other
Other
Other
Other
Other
Other
Other
Other
Other
Other
Other
Other
Other
Other
Other
Parsing error handling rule file = cluster-non-default-username.guard, Error = Parser Error when parsing Parsing Error Error parsing file cluster-non-default-username.guard at line 10 at column 2, when handling , fragment 

---
Other
Other
Other
Parsing error handling rule file = bucket-has-block-public-config.guard, Error = Parser Error when parsing Parsing Error Error parsing file bucket-has-block-public-config.guard at line 38 at column 6, when handling , fragment 

---
Other
Other
Other
Other
Other
Other
Other
Other
Other
Other
Other
Other
Other
Other
Other
Other
Other
Other
Other
Other
Other
Other
Other
Other
Other
Other
